<?xml version="1.0" encoding="UTF-8"?>
<testsuite xmlns:xsi="http://www.w3.org/2001/XMLSchema-instance" xsi:noNamespaceSchemaLocation="https://maven.apache.org/surefire/maven-surefire-plugin/xsd/surefire-test-report-3.0.xsd" version="3.0" name="TestSuite" time="162.471" tests="9" errors="0" skipped="0" failures="0">
  <properties>
[...]
</properties>
  <testcase name="AdminLoginWithInValidDetails" classname="TestCaseClasses.LoginTest" time="2.665">
    <system-out><![CDATA[Login| Art Gallery Management System
]]></system-out>
    <system-err><![CDATA[SLF4J: Failed to load class "org.slf4j.impl.StaticLoggerBinder".
SLF4J: Defaulting to no-operation (NOP) logger implementation
SLF4J: See http://www.slf4j.org/codes.html#StaticLoggerBinder for further details.
Jul 28, 2023 9:26:27 AM org.openqa.selenium.remote.ProtocolHandshake createSession
INFO: Detected dialect: W3C
]]></system-err>
  </testcase>
  <testcase name="AdminLoginWithValidDetails" classname="TestCaseClasses.LoginTest" time="3.794">
    <system-out><![CDATA[Art Gallery Management System - Admin Dashboard
]]></system-out>
  </testcase>
  <testcase name="addEnquiryTest" classname="TestCaseClasses.EnquiryTest" time="6.628">
    <system-out><![CDATA[

|| ENQUIRY ||

]]></system-out>
  </testcase>
  <testcase name="unansweredEnquiryTest" classname="TestCaseClasses.EnquiryTest" time="15.917">
    <system-out><![CDATA[
Unanswered Enquiry Details 

Enquiry Number : 625771726
Full Name : Drake
Art Name : night
View Details
Art Reference Number : 365300848
Email : drake@gmail.com
MobileNumber : 5464514753
Enquiry Date : 2023-07-28 09:26:45
Message : Awesome Art!
Status : Unanswer Enquiry
Remark : : 
]]></system-out>
  </testcase>
  <testcase name="answeredEnquiryTest" classname="TestCaseClasses.EnquiryTest" time="6.189">
    <system-out><![CDATA[
Answered Enquiry Details 

Enquiry Number : 625771726
Full Name : Drake
Art Name : night
View Details
Art Reference Number : 365300848
Email : drake@gmail.com
MobileNumber : 5464514753
Enquiry Date : 2023-07-28 09:26:45
Message : Awesome Art!
Status : Answer Enquiry
Remark : Successfully Answered!
Remark date : 2023-07-28 09:27:01
]]></system-out>
  </testcase>
  <testcase name="enquirySearchByNameTest" classname="TestCaseClasses.EnquirySearchTest" time="38.399">
    <system-out><![CDATA[

|| ENQUIRY SEARCH ||


Enquiry Search By Name : Drake
S.NO  Enquiry Number  Full Name  Mobile Number  Enquiry Date         
-----------------------------------------------------------
1     173815728       Drake      5464514753     2023-07-04 12:37:18  
2     855834344       Drake      5464514753     2023-07-06 10:24:10  
3     311037687       Drake      5464514753     2023-07-06 10:43:17  
4     705344344       Drake      5464514753     2023-07-06 10:56:44  
5     536129002       Drake      5464514753     2023-07-06 12:18:46  
6     643074820       Drake      5464514753     2023-07-10 07:14:10  
7     831563220       Drake      5464514753     2023-07-21 12:49:27  
8     338546419       Drake      5464514753     2023-07-23 04:33:38  
9     660795977       Drake      5464514753     2023-07-23 11:23:03  
10    182660601       Drake      5464514753     2023-07-24 05:04:34  
11    859223957       Drake      5464514753     2023-07-27 08:04:35  
12    871824785       Drake      5464514753     2023-07-28 04:58:56  
13    235150721       Drake      5464514753     2023-07-28 05:37:03  
14    625771726       Drake      5464514753     2023-07-28 09:26:45  
]]></system-out>
  </testcase>
  <testcase name="enquirySearchByEnquiryNumberTest" classname="TestCaseClasses.EnquirySearchTest" time="32.69">
    <system-out><![CDATA[
Enquiry Search By Number : 625771726
S.NO  Enquiry Number  Full Name  Mobile Number  Enquiry Date         
-----------------------------------------------------------
1     625771726       Drake      5464514753     2023-07-28 09:26:45  
]]></system-out>
  </testcase>
  <testcase name="enquirySearchByMobileNumberTest" classname="TestCaseClasses.EnquirySearchTest" time="37.937">
    <system-out><![CDATA[
Enquiry Search By Mobile Number : 5464514753
S.NO  Enquiry Number  Full Name  Mobile Number  Enquiry Date         
-----------------------------------------------------------
1     173815728       Drake      5464514753     2023-07-04 12:37:18  
2     855834344       Drake      5464514753     2023-07-06 10:24:10  
3     311037687       Drake      5464514753     2023-07-06 10:43:17  
4     705344344       Drake      5464514753     2023-07-06 10:56:44  
5     536129002       Drake      5464514753     2023-07-06 12:18:46  
6     643074820       Drake      5464514753     2023-07-10 07:14:10  
7     831563220       Drake      5464514753     2023-07-21 12:49:27  
8     338546419       Drake      5464514753     2023-07-23 04:33:38  
9     660795977       Drake      5464514753     2023-07-23 11:23:03  
10    182660601       Drake      5464514753     2023-07-24 05:04:34  
11    859223957       Drake      5464514753     2023-07-27 08:04:35  
12    871824785       Drake      5464514753     2023-07-28 04:58:56  
13    235150721       Drake      5464514753     2023-07-28 05:37:03  
14    625771726       Drake      5464514753     2023-07-28 09:26:45  
]]></system-out>
  </testcase>
  <testcase name="AdminLogout" classname="TestCaseClasses.LogoutTest" time="3.42"/>
</testsuite>