<?xml version="1.0" encoding="UTF-8"?>
<testsuite xmlns:xsi="http://www.w3.org/2001/XMLSchema-instance" xsi:noNamespaceSchemaLocation="https://maven.apache.org/surefire/maven-surefire-plugin/xsd/surefire-test-report-3.0.xsd" version="3.0" name="TestSuite" time="82.243" tests="11" errors="0" skipped="0" failures="0">
  <properties>
[...]
</properties>
  <testcase name="AdminLoginWithInValidDetails" classname="TestCaseClasses.LoginTest" time="2.557">
    <system-out><![CDATA[Login| Art Gallery Management System
]]></system-out>
    <system-err><![CDATA[SLF4J: Failed to load class "org.slf4j.impl.StaticLoggerBinder".
SLF4J: Defaulting to no-operation (NOP) logger implementation
SLF4J: See http://www.slf4j.org/codes.html#StaticLoggerBinder for further details.
Jul 27, 2023 12:55:54 PM org.openqa.selenium.remote.ProtocolHandshake createSession
INFO: Detected dialect: W3C
]]></system-err>
  </testcase>
  <testcase name="AdminLoginWithValidDetails" classname="TestCaseClasses.LoginTest" time="3.192">
    <system-out><![CDATA[Art Gallery Management System - Admin Dashboard
]]></system-out>
  </testcase>
  <testcase name="artMediumDetails" classname="TestCaseClasses.DashboardDetailsTest" time="3.367">
    <system-out><![CDATA[

|| ADMIN DASHBOARD ||

Art Medium Details!
1 Acrylic on canvas 2022-12-22 04:57:34 
2 Resin 2022-12-22 04:58:00 
3 Mixed Media 2022-12-22 06:09:12 
4 Bronze 2022-12-22 06:09:35 
5 Fibre 2022-12-22 06:09:53 
6 Steel 2022-12-22 06:10:16 
7 Metal 2022-12-22 06:10:35 
8 Oil on Canvas 2022-12-22 06:11:31 
9 Oil on Linen 2022-12-22 06:12:12 
10 Acrylics on paper 2022-12-22 06:13:11 
11 Hand-painted on particle wood/MDF 2022-12-22 06:14:03 
]]></system-out>
  </testcase>
  <testcase name="artProductDetails" classname="TestCaseClasses.DashboardDetailsTest" time="2.499">
    <system-out><![CDATA[
Art Product Details!
1 255288886 radhakrishna 2023-06-18 07:58:55 
2 652700923 art 2023-06-18 07:59:55 
3 365300848 night 2023-06-18 08:01:35 
4 804256536 Nature Illustration 2023-06-25 12:42:05 
5 512478075 Patterns 2023-06-25 13:50:20 
6 725932940 Joker 2023-06-25 13:53:10 
]]></system-out>
  </testcase>
  <testcase name="addArtMediumTest" classname="TestCaseClasses.ArtMediumTest" time="4.804">
    <system-out><![CDATA[

|| ART MEDIUM ||

Art Medium Added SuccessFully!
1 Acrylic on canvas 2022-12-22 04:57:34 
2 Resin 2022-12-22 04:58:00 
3 Mixed Media 2022-12-22 06:09:12 
4 Bronze 2022-12-22 06:09:35 
5 Fibre 2022-12-22 06:09:53 
6 Steel 2022-12-22 06:10:16 
7 Metal 2022-12-22 06:10:35 
8 Oil on Canvas 2022-12-22 06:11:31 
9 Oil on Linen 2022-12-22 06:12:12 
10 Acrylics on paper 2022-12-22 06:13:11 
11 Hand-painted on particle wood/MDF 2022-12-22 06:14:03 
12 Gold 2023-07-27 12:56:15 
]]></system-out>
  </testcase>
  <testcase name="updateArtMediumTest" classname="TestCaseClasses.ArtMediumTest" time="7.993">
    <system-out><![CDATA[
Art Medium Updated SuccessFully!
1 Acrylic on canvas 2022-12-22 04:57:34 
2 Resin 2022-12-22 04:58:00 
3 Mixed Media 2022-12-22 06:09:12 
4 Bronze 2022-12-22 06:09:35 
5 Fibre 2022-12-22 06:09:53 
6 Steel 2022-12-22 06:10:16 
7 Metal 2022-12-22 06:10:35 
8 Oil on Canvas 2022-12-22 06:11:31 
9 Oil on Linen 2022-12-22 06:12:12 
10 Acrylics on paper 2022-12-22 06:13:11 
11 Hand-painted on particle wood/MDF 2022-12-22 06:14:03 
12 Wood and Bronze 2023-07-27 12:56:15 
]]></system-out>
  </testcase>
  <testcase name="deleteArtMediumTest" classname="TestCaseClasses.ArtMediumTest" time="2.697">
    <system-out><![CDATA[
Art Medium Deleted SuccessFully!
1 Acrylic on canvas 2022-12-22 04:57:34 
2 Resin 2022-12-22 04:58:00 
3 Mixed Media 2022-12-22 06:09:12 
4 Bronze 2022-12-22 06:09:35 
5 Fibre 2022-12-22 06:09:53 
6 Steel 2022-12-22 06:10:16 
7 Metal 2022-12-22 06:10:35 
8 Oil on Canvas 2022-12-22 06:11:31 
9 Oil on Linen 2022-12-22 06:12:12 
10 Acrylics on paper 2022-12-22 06:13:11 
11 Hand-painted on particle wood/MDF 2022-12-22 06:14:03 
]]></system-out>
  </testcase>
  <testcase name="addArtProductTest" classname="TestCaseClasses.ArtProductTest" time="11.216">
    <system-out><![CDATA[

|| ART PRODUCT ||

Art Product Added SuccessFully!
1 255288886 radhakrishna 2023-06-18 07:58:55 
2 652700923 art 2023-06-18 07:59:55 
3 365300848 night 2023-06-18 08:01:35 
4 804256536 Nature Illustration 2023-06-25 12:42:05 
5 512478075 Patterns 2023-06-25 13:50:20 
6 725932940 Joker 2023-06-25 13:53:10 
7 962975401 Marvel 2023-07-27 12:56:34 
]]></system-out>
  </testcase>
  <testcase name="updateArtProductTest" classname="TestCaseClasses.ArtProductTest" time="22.684">
    <system-out><![CDATA[
Art Product Updated SuccessFully!
1 255288886 radhakrishna 2023-06-18 07:58:55 
2 652700923 art 2023-06-18 07:59:55 
3 365300848 night 2023-06-18 08:01:35 
4 804256536 Nature Illustration 2023-06-25 12:42:05 
5 512478075 Patterns 2023-06-25 13:50:20 
6 725932940 Joker 2023-06-25 13:53:10 
7 962975401 Illustration 2023-07-27 12:56:34 
]]></system-out>
  </testcase>
  <testcase name="deleteArtProductTest" classname="TestCaseClasses.ArtProductTest" time="2.412">
    <system-out><![CDATA[
Art Product Deleted SuccessFully!
1 255288886 radhakrishna 2023-06-18 07:58:55 
2 652700923 art 2023-06-18 07:59:55 
3 365300848 night 2023-06-18 08:01:35 
4 804256536 Nature Illustration 2023-06-25 12:42:05 
5 512478075 Patterns 2023-06-25 13:50:20 
6 725932940 Joker 2023-06-25 13:53:10 
]]></system-out>
  </testcase>
  <testcase name="AdminLogout" classname="TestCaseClasses.LogoutTest" time="3.308"/>
</testsuite>