<?xml version="1.0" encoding="UTF-8"?>
<testng-results ignored="0" total="2" passed="2" failed="0" skipped="0">
  <reporter-output>
  </reporter-output>
  <suite started-at="2023-06-27T07:27:18 UTC" name="Art Gallery Testing" finished-at="2023-06-27T07:27:24 UTC" duration-ms="6380">
    <groups>
    </groups>
    <test started-at="2023-06-27T07:27:18 UTC" name="Admin: Login" finished-at="2023-06-27T07:27:24 UTC" duration-ms="6380">
      <class name="TestCaseClasses.LoginTest">
        <test-method is-config="true" signature="setup()[pri:0, instance:TestCaseClasses.LoginTest@4c9f8c13]" started-at="2023-06-27T07:26:52 UTC" name="setup" finished-at="2023-06-27T07:27:18 UTC" duration-ms="25802" status="PASS">
          <reporter-output>
          </reporter-output>
        </test-method> <!-- setup -->
        <test-method signature="AdminLoginWithInValidDetails()[pri:0, instance:TestCaseClasses.LoginTest@4c9f8c13]" started-at="2023-06-27T07:27:18 UTC" name="AdminLoginWithInValidDetails" finished-at="2023-06-27T07:27:21 UTC" duration-ms="3251" status="PASS">
          <reporter-output>
          </reporter-output>
        </test-method> <!-- AdminLoginWithInValidDetails -->
        <test-method signature="AdminLoginWithValidDetails()[pri:1, instance:TestCaseClasses.LoginTest@4c9f8c13]" started-at="2023-06-27T07:27:21 UTC" name="AdminLoginWithValidDetails" finished-at="2023-06-27T07:27:24 UTC" duration-ms="3088" status="PASS">
          <reporter-output>
          </reporter-output>
        </test-method> <!-- AdminLoginWithValidDetails -->
        <test-method is-config="true" signature="tearDown()[pri:0, instance:TestCaseClasses.LoginTest@4c9f8c13]" started-at="2023-06-27T07:27:24 UTC" name="tearDown" finished-at="2023-06-27T07:27:25 UTC" duration-ms="321" status="PASS">
          <reporter-output>
          </reporter-output>
        </test-method> <!-- tearDown -->
      </class> <!-- TestCaseClasses.LoginTest -->
    </test> <!-- Admin: Login -->
  </suite> <!-- Art Gallery Testing -->
</testng-results>
