<?xml version="1.0" encoding="UTF-8"?>
<!-- Generated by org.testng.reporters.JUnitXMLReporter -->
<testsuite ignored="0" hostname="ecffccbbbdefddddfabbcabddaddeb-0" failures="0" tests="4" name="Admin: Pages" time="24.758" errors="0" timestamp="2023-07-28T15:03:03 UTC">
  <testcase classname="TestCaseClasses.PagesTest" name="pagesMenuTestaboutus" time="0.35"/>
  <testcase classname="TestCaseClasses.PagesTest" name="updateAboutUsPageTestaboutus" time="13.892"/>
  <testcase classname="TestCaseClasses.PagesTest" name="pagesMenuTestcontactus" time="0.605"/>
  <testcase classname="TestCaseClasses.PagesTest" name="updateAboutUsPageTestcontactus" time="9.902"/>
</testsuite> <!-- Admin: Pages -->
