<?xml version="1.0" encoding="UTF-8"?>
<!-- Generated by org.testng.reporters.JUnitXMLReporter -->
<testsuite ignored="0" hostname="efdbeabccaddddfabbcabddaddeb-0" failures="0" tests="3" name="Admin: Enquiry " time="28.739" errors="0" timestamp="2023-07-28T09:27:08 UTC">
  <testcase classname="TestCaseClasses.EnquiryTest" name="addEnquiryTest" time="6.628"/>
  <testcase classname="TestCaseClasses.EnquiryTest" name="unansweredEnquiryTest" time="15.917"/>
  <testcase classname="TestCaseClasses.EnquiryTest" name="answeredEnquiryTest" time="6.188"/>
</testsuite> <!-- Admin: Enquiry  -->
