<?xml version="1.0" encoding="UTF-8"?>
<!-- Generated by org.testng.reporters.JUnitXMLReporter -->
<testsuite ignored="0" hostname="affdabffbebdaddddfabbcabddaddeb-0" failures="0" tests="2" name="Admin: Login" time="6.38" errors="0" timestamp="2023-06-27T07:27:24 UTC">
  <testcase classname="TestCaseClasses.LoginTest" name="AdminLoginWithInValidDetails" time="3.251"/>
  <testcase classname="TestCaseClasses.LoginTest" name="AdminLoginWithValidDetails" time="3.088"/>
</testsuite> <!-- Admin: Login -->
