<?xml version="1.0" encoding="UTF-8"?>
<!-- Generated by org.testng.reporters.JUnitXMLReporter -->
<testsuite ignored="0" hostname="bedefccaddddfabbcabddaddeb-0" failures="0" tests="2" name="Admin: Login" time="3.982" errors="0" timestamp="2023-06-27T06:29:55 UTC">
  <testcase classname="TestCaseClasses.LoginTest" name="AdminLoginWithInValidDetails" time="1.649"/>
  <testcase classname="TestCaseClasses.LoginTest" name="AdminLoginWithValidDetails" time="2.296"/>
</testsuite> <!-- Admin: Login -->
