<?xml version="1.0" encoding="UTF-8"?>
<!-- Generated by org.testng.reporters.JUnitXMLReporter -->
<testsuite ignored="0" hostname="ebafededcabadabfabddddfabbcabddaddeb-0" failures="0" tests="3" name="Admin: Artist" time="17.74" errors="0" timestamp="2023-07-28T13:42:25 UTC">
  <testcase classname="TestCaseClasses.ArtistTest" name="addArtistTest" time="5.338"/>
  <testcase classname="TestCaseClasses.ArtistTest" name="updateArtistTest" time="10.397"/>
  <testcase classname="TestCaseClasses.ArtistTest" name="deleteArtistTest" time="2.0"/>
</testsuite> <!-- Admin: Artist -->
