<?xml version="1.0" encoding="UTF-8"?>
<!-- Generated by org.testng.reporters.JUnitXMLReporter -->
<testsuite ignored="0" hostname="bedefccaddddfabbcabddaddeb-0" failures="0" tests="2" name="Admin: Dashboard" time="7.45" errors="0" timestamp="2023-07-27T12:56:12 UTC">
  <testcase classname="TestCaseClasses.DashboardDetailsTest" name="artMediumDetails" time="3.367"/>
  <testcase classname="TestCaseClasses.DashboardDetailsTest" name="artProductDetails" time="2.499"/>
</testsuite> <!-- Admin: Dashboard -->
