<?xml version="1.0" encoding="UTF-8"?>
<!-- Generated by org.testng.reporters.JUnitXMLReporter -->
<testsuite ignored="0" hostname="efdbeabccaddddfabbcabddaddeb-0" failures="0" tests="3" name="Admin: Enquiry Search" time="111.916" errors="0" timestamp="2023-07-28T09:29:00 UTC">
  <testcase classname="TestCaseClasses.EnquirySearchTest" name="enquirySearchByNameTest" time="38.385"/>
  <testcase classname="TestCaseClasses.EnquirySearchTest" name="enquirySearchByEnquiryNumberTest" time="32.686"/>
  <testcase classname="TestCaseClasses.EnquirySearchTest" name="enquirySearchByMobileNumberTest" time="37.931"/>
</testsuite> <!-- Admin: Enquiry Search -->
