<?xml version="1.0" encoding="UTF-8"?>
<!-- Generated by org.testng.reporters.JUnitXMLReporter -->
<testsuite ignored="0" hostname="afaebeaadaeddddfabbcabddaddeb-0" failures="0" tests="3" name="Admin: Art Type" time="54.291" errors="0" timestamp="2023-07-28T04:57:32 UTC">
  <testcase classname="TestCaseClasses.ArtTypeTest" name="addArtTypeTest" time="16.443"/>
  <testcase classname="TestCaseClasses.ArtTypeTest" name="updateArtTypeTest" time="21.183"/>
  <testcase classname="TestCaseClasses.ArtTypeTest" name="deleteArtTypeTest" time="16.638"/>
</testsuite> <!-- Admin: Art Type -->
