<?xml version="1.0" encoding="UTF-8"?>
<!-- Generated by org.testng.reporters.JUnitXMLReporter -->
<testsuite ignored="0" hostname="bedefccaddddfabbcabddaddeb-0" failures="0" tests="3" name="Admin: Art Product" time="36.315" errors="0" timestamp="2023-07-27T12:57:04 UTC">
  <testcase classname="TestCaseClasses.ArtProductTest" name="addArtProductTest" time="11.216"/>
  <testcase classname="TestCaseClasses.ArtProductTest" name="updateArtProductTest" time="22.683"/>
  <testcase classname="TestCaseClasses.ArtProductTest" name="deleteArtProductTest" time="2.412"/>
</testsuite> <!-- Admin: Art Product -->
