<?xml version="1.0" encoding="UTF-8"?>
<!-- Generated by org.testng.reporters.JUnitXMLReporter -->
<testsuite ignored="0" hostname="bedefccaddddfabbcabddaddeb-0" failures="0" tests="3" name="Admin: Art Medium" time="15.498" errors="0" timestamp="2023-07-27T12:56:28 UTC">
  <testcase classname="TestCaseClasses.ArtMediumTest" name="addArtMediumTest" time="4.804"/>
  <testcase classname="TestCaseClasses.ArtMediumTest" name="updateArtMediumTest" time="7.992"/>
  <testcase classname="TestCaseClasses.ArtMediumTest" name="deleteArtMediumTest" time="2.695"/>
</testsuite> <!-- Admin: Art Medium -->
