<?xml version="1.0" encoding="UTF-8"?>
<!-- Generated by org.testng.reporters.JUnitXMLReporter -->
<testsuite ignored="30" hostname="ebafededcabadabfabddddfabbcabddaddeb-0" failures="0" tests="41" name="test" time="869.825" errors="0" timestamp="2023-07-28T09:16:24 UTC">
  <testcase classname="TestCaseClasses.LoginTest" name="AdminLoginWithInValidDetails" time="2.638"/>
  <testcase classname="TestCaseClasses.LoginTest" name="AdminLoginWithValidDetails" time="3.292"/>
  <testcase classname="TestCaseClasses.DashboardDetailsTest" name="artistDetails" time="15.499"/>
  <testcase classname="TestCaseClasses.DashboardDetailsTest" name="artTypeDetails" time="13.692"/>
  <testcase classname="TestCaseClasses.DashboardDetailsTest" name="artMediumDetails" time="15.302"/>
  <testcase classname="TestCaseClasses.DashboardDetailsTest" name="artProductDetails" time="14.534"/>
  <testcase classname="TestCaseClasses.DashboardDetailsTest" name="AnsweredEnquiryDetails" time="106.086"/>
  <testcase classname="TestCaseClasses.DashboardDetailsTest" name="UnansweredEnquiryDetails" time="44.124"/>
  <testcase classname="TestCaseClasses.ArtistTest" name="addArtistTest" time="16.122"/>
  <testcase classname="TestCaseClasses.ArtistTest" name="updateArtistTest" time="23.595"/>
  <testcase classname="TestCaseClasses.ArtistTest" name="deleteArtistTest" time="15.668"/>
  <testcase classname="TestCaseClasses.ArtTypeTest" name="addArtTypeTest" time="13.114"/>
  <testcase classname="TestCaseClasses.ArtTypeTest" name="updateArtTypeTest" time="18.821"/>
  <testcase classname="TestCaseClasses.ArtTypeTest" name="deleteArtTypeTest" time="15.386"/>
  <testcase classname="TestCaseClasses.ArtMediumTest" name="addArtMediumTest" time="14.003"/>
  <testcase classname="TestCaseClasses.ArtMediumTest" name="updateArtMediumTest" time="20.177"/>
  <testcase classname="TestCaseClasses.ArtMediumTest" name="deleteArtMediumTest" time="15.876"/>
  <testcase classname="TestCaseClasses.ArtProductTest" name="addArtProductTest" time="22.511"/>
  <testcase classname="TestCaseClasses.ArtProductTest" name="updateArtProductTest" time="35.316"/>
  <testcase classname="TestCaseClasses.ArtProductTest" name="deleteArtProductTest" time="15.974"/>
  <testcase classname="TestCaseClasses.EnquiryTest" name="addEnquiryTest" time="5.27"/>
  <testcase classname="TestCaseClasses.EnquiryTest" name="unansweredEnquiryTest" time="15.013"/>
  <testcase classname="TestCaseClasses.EnquiryTest" name="answeredEnquiryTest" time="11.207"/>
  <testcase classname="TestCaseClasses.EnquirySearchTest" name="enquirySearchByNameTest" time="52.872"/>
  <testcase classname="TestCaseClasses.EnquirySearchTest" name="enquirySearchByEnquiryNumberTest" time="31.715"/>
  <testcase classname="TestCaseClasses.EnquirySearchTest" name="enquirySearchByMobileNumberTest" time="51.075"/>
  <testcase classname="TestCaseClasses.PagesTest" name="pagesMenuTestaboutus" time="0.218"/>
  <testcase classname="TestCaseClasses.PagesTest" name="updateAboutUsPageTestaboutus" time="12.485"/>
  <testcase classname="TestCaseClasses.PagesTest" name="pagesMenuTestcontactus" time="0.213"/>
  <testcase classname="TestCaseClasses.PagesTest" name="updateContactUsPageTestContactUs" time="8.481"/>
  <testcase classname="TestCaseClasses.LogoutTest" name="AdminLogout" time="3.544"/>
  <testcase classname="TestCaseClasses.userNavbarTest" name="home" time="1.177"/>
  <testcase classname="TestCaseClasses.userNavbarTest" name="about" time="0.865"/>
  <testcase classname="TestCaseClasses.userNavbarTest" name="arttype" time="0.304"/>
  <testcase classname="TestCaseClasses.userNavbarTest" name="contactus" time="0.629"/>
  <testcase classname="TestCaseClasses.userNavbarTest" name="admin" time="1.689"/>
  <testcase classname="TestCaseClasses.userDropdownTest" name="dropdown" time="6.092"/>
  <testcase classname="TestCaseClasses.userEnquiryTest" name="enquiry" time="94.897"/>
  <testcase classname="TestCaseClasses.userLinksTest" name="linkcheck" time="11.281"/>
  <testcase classname="TestCaseClasses.userViewDetailsTest" name="search" time="101.816"/>
  <testcase classname="TestCaseClasses.userSearchTest" name="search" time="1.515"/>
  <testcase classname="ObjectClasses.SetupDriver" name="@BeforeSuite setup" time="0.0">
    <ignored/>
  </testcase> <!-- @BeforeSuite setup -->
  <testcase classname="ObjectClasses.SetupDriver" name="@AfterSuite tearDown" time="0.0">
    <ignored/>
  </testcase> <!-- @AfterSuite tearDown -->
  <testcase classname="ObjectClasses.SetupDriver" name="@AfterSuite tearDown" time="0.0">
    <ignored/>
  </testcase> <!-- @AfterSuite tearDown -->
  <testcase classname="ObjectClasses.SetupDriver" name="@AfterSuite tearDown" time="0.0">
    <ignored/>
  </testcase> <!-- @AfterSuite tearDown -->
  <testcase classname="ObjectClasses.SetupDriver" name="@AfterSuite tearDown" time="0.0">
    <ignored/>
  </testcase> <!-- @AfterSuite tearDown -->
  <testcase classname="ObjectClasses.SetupDriver" name="@BeforeSuite setup" time="0.0">
    <ignored/>
  </testcase> <!-- @BeforeSuite setup -->
  <testcase classname="ObjectClasses.SetupDriver" name="@AfterSuite tearDown" time="0.0">
    <ignored/>
  </testcase> <!-- @AfterSuite tearDown -->
  <testcase classname="ObjectClasses.SetupDriver" name="@AfterSuite tearDown" time="0.0">
    <ignored/>
  </testcase> <!-- @AfterSuite tearDown -->
  <testcase classname="ObjectClasses.SetupDriver" name="@AfterSuite tearDown" time="0.0">
    <ignored/>
  </testcase> <!-- @AfterSuite tearDown -->
  <testcase classname="ObjectClasses.SetupDriver" name="@BeforeSuite setup" time="0.0">
    <ignored/>
  </testcase> <!-- @BeforeSuite setup -->
  <testcase classname="ObjectClasses.SetupDriver" name="@BeforeSuite setup" time="0.0">
    <ignored/>
  </testcase> <!-- @BeforeSuite setup -->
  <testcase classname="ObjectClasses.SetupDriver" name="@BeforeSuite setup" time="0.0">
    <ignored/>
  </testcase> <!-- @BeforeSuite setup -->
  <testcase classname="ObjectClasses.SetupDriver" name="@BeforeSuite setup" time="0.0">
    <ignored/>
  </testcase> <!-- @BeforeSuite setup -->
  <testcase classname="ObjectClasses.SetupDriver" name="@AfterSuite tearDown" time="0.0">
    <ignored/>
  </testcase> <!-- @AfterSuite tearDown -->
  <testcase classname="ObjectClasses.SetupDriver" name="@BeforeSuite setup" time="0.0">
    <ignored/>
  </testcase> <!-- @BeforeSuite setup -->
  <testcase classname="ObjectClasses.SetupDriver" name="@BeforeSuite setup" time="0.0">
    <ignored/>
  </testcase> <!-- @BeforeSuite setup -->
  <testcase classname="ObjectClasses.SetupDriver" name="@BeforeSuite setup" time="0.0">
    <ignored/>
  </testcase> <!-- @BeforeSuite setup -->
  <testcase classname="ObjectClasses.SetupDriver" name="@AfterSuite tearDown" time="0.0">
    <ignored/>
  </testcase> <!-- @AfterSuite tearDown -->
  <testcase classname="ObjectClasses.SetupDriver" name="@BeforeSuite setup" time="0.0">
    <ignored/>
  </testcase> <!-- @BeforeSuite setup -->
  <testcase classname="ObjectClasses.SetupDriver" name="@BeforeSuite setup" time="0.0">
    <ignored/>
  </testcase> <!-- @BeforeSuite setup -->
  <testcase classname="ObjectClasses.SetupDriver" name="@BeforeSuite setup" time="0.0">
    <ignored/>
  </testcase> <!-- @BeforeSuite setup -->
  <testcase classname="ObjectClasses.SetupDriver" name="@AfterSuite tearDown" time="0.0">
    <ignored/>
  </testcase> <!-- @AfterSuite tearDown -->
  <testcase classname="ObjectClasses.SetupDriver" name="@AfterSuite tearDown" time="0.0">
    <ignored/>
  </testcase> <!-- @AfterSuite tearDown -->
  <testcase classname="ObjectClasses.SetupDriver" name="@AfterSuite tearDown" time="0.0">
    <ignored/>
  </testcase> <!-- @AfterSuite tearDown -->
  <testcase classname="ObjectClasses.SetupDriver" name="@AfterSuite tearDown" time="0.0">
    <ignored/>
  </testcase> <!-- @AfterSuite tearDown -->
  <testcase classname="ObjectClasses.SetupDriver" name="@BeforeSuite setup" time="0.0">
    <ignored/>
  </testcase> <!-- @BeforeSuite setup -->
  <testcase classname="ObjectClasses.SetupDriver" name="@BeforeSuite setup" time="0.0">
    <ignored/>
  </testcase> <!-- @BeforeSuite setup -->
  <testcase classname="ObjectClasses.SetupDriver" name="@AfterSuite tearDown" time="0.0">
    <ignored/>
  </testcase> <!-- @AfterSuite tearDown -->
  <testcase classname="ObjectClasses.SetupDriver" name="@BeforeSuite setup" time="0.0">
    <ignored/>
  </testcase> <!-- @BeforeSuite setup -->
  <testcase classname="ObjectClasses.SetupDriver" name="@AfterSuite tearDown" time="0.0">
    <ignored/>
  </testcase> <!-- @AfterSuite tearDown -->
</testsuite> <!-- test -->
