<?xml version="1.0" encoding="UTF-8"?>
<!-- Generated by org.testng.reporters.JUnitXMLReporter -->
<testsuite ignored="0" hostname="affdabffbebdaddddfabbcabddaddeb-0" failures="1" tests="1" name="Test" time="9.073" errors="0" timestamp="2023-06-18T05:54:13 UTC">
  <testcase classname="Test.LoginTest" name="AdminLoginWithValidDetails" time="0.179">
    <failure type="org.openqa.selenium.ElementNotInteractableException" message="element not interactable
  (Session info: headless chrome=96.0.4664.45)
Build info: version: &amp;apos;3.141.59&amp;apos;, revision: &amp;apos;e82be7d358&amp;apos;, time: &amp;apos;2018-11-14T08:17:03&amp;apos;
System info: host: &amp;apos;affdabffbebdaddddfabbcabddaddeb-0&amp;apos;, ip: &amp;apos;10.56.10.3&amp;apos;, os.name: &amp;apos;Linux&amp;apos;, os.arch: &amp;apos;amd64&amp;apos;, os.version: &amp;apos;5.10.162+&amp;apos;, java.version: &amp;apos;11.0.13&amp;apos;
Driver info: org.openqa.selenium.remote.RemoteWebDriver
Capabilities {acceptInsecureCerts: false, browserName: chrome, browserVersion: 96.0.4664.45, chrome: {chromedriverVersion: 96.0.4664.45 (76e4c1bb2ab46..., userDataDir: /tmp/.com.google.Chrome.P60XFI}, goog:chromeOptions: {debuggerAddress: localhost:37531}, javascriptEnabled: true, networkConnectionEnabled: false, pageLoadStrategy: normal, platform: LINUX, platformName: LINUX, proxy: Proxy(), se:cdp: ws://10.56.10.3:4444/sessio..., se:cdpVersion: 96.0.4664.45, se:vnc: ws://10.56.10.3:4444/sessio..., se:vncEnabled: true, se:vncLocalAddress: ws://10.56.10.3:7900, setWindowRect: true, strictFileInteractability: false, timeouts: {implicit: 0, pageLoad: 300000, script: 30000}, unhandledPromptBehavior: dismiss and notify, webauthn:extension:credBlob: true, webauthn:extension:largeBlob: true, webauthn:virtualAuthenticators: true}
Session ID: 8f6a13929d1be8b1e84fd4ddd57a0b93">
      <![CDATA[org.openqa.selenium.ElementNotInteractableException: element not interactable
  (Session info: headless chrome=96.0.4664.45)
Build info: version: '3.141.59', revision: 'e82be7d358', time: '2018-11-14T08:17:03'
System info: host: 'affdabffbebdaddddfabbcabddaddeb-0', ip: '10.56.10.3', os.name: 'Linux', os.arch: 'amd64', os.version: '5.10.162+', java.version: '11.0.13'
Driver info: org.openqa.selenium.remote.RemoteWebDriver
Capabilities {acceptInsecureCerts: false, browserName: chrome, browserVersion: 96.0.4664.45, chrome: {chromedriverVersion: 96.0.4664.45 (76e4c1bb2ab46..., userDataDir: /tmp/.com.google.Chrome.P60XFI}, goog:chromeOptions: {debuggerAddress: localhost:37531}, javascriptEnabled: true, networkConnectionEnabled: false, pageLoadStrategy: normal, platform: LINUX, platformName: LINUX, proxy: Proxy(), se:cdp: ws://10.56.10.3:4444/sessio..., se:cdpVersion: 96.0.4664.45, se:vnc: ws://10.56.10.3:4444/sessio..., se:vncEnabled: true, se:vncLocalAddress: ws://10.56.10.3:7900, setWindowRect: true, strictFileInteractability: false, timeouts: {implicit: 0, pageLoad: 300000, script: 30000}, unhandledPromptBehavior: dismiss and notify, webauthn:extension:credBlob: true, webauthn:extension:largeBlob: true, webauthn:virtualAuthenticators: true}
Session ID: 8f6a13929d1be8b1e84fd4ddd57a0b93
at org.openqa.selenium.remote.http.W3CHttpResponseCodec.createException(W3CHttpResponseCodec.java:187)
at org.openqa.selenium.remote.http.W3CHttpResponseCodec.decode(W3CHttpResponseCodec.java:122)
at org.openqa.selenium.remote.http.W3CHttpResponseCodec.decode(W3CHttpResponseCodec.java:49)
at org.openqa.selenium.remote.HttpCommandExecutor.execute(HttpCommandExecutor.java:158)
at org.openqa.selenium.remote.RemoteWebDriver.execute(RemoteWebDriver.java:552)
at org.openqa.selenium.remote.RemoteWebElement.execute(RemoteWebElement.java:285)
at org.openqa.selenium.remote.RemoteWebElement.click(RemoteWebElement.java:84)
at Pages.Login.navigateToAdminLoginPage(Login.java:18)
at Pages.Login.adminLogin(Login.java:42)
at Test.LoginTest.AdminLoginWithValidDetails(LoginTest.java:39)
at java.base/java.util.ArrayList.forEach(ArrayList.java:1541)
... Removed 36 stack frames]]>
    </failure>
  </testcase> <!-- AdminLoginWithValidDetails -->
</testsuite> <!-- Test -->
